<?xml version="1.0" encoding="UTF-8"?>
<!-- Generated by org.testng.reporters.JUnitXMLReporter -->
<testsuite hostname="Ravi.local" ignored="0" name="Default test" tests="6" failures="0" timestamp="25 Jul 2020 15:28:55 GMT" time="6.456" errors="0">
  <testcase name="verifyTitle" time="0.028" classname="com.sap.testcases.SignUpTest"/>
  <testcase name="cookies" time="0.135" classname="com.sap.testcases.SignUpTest"/>
  <testcase name="clikcSignUpBtn" time="2.64" classname="com.sap.testcases.SignUpTest"/>
  <testcase name="verifyRegisterPopUp" time="0.053" classname="com.sap.testcases.SignUpTest"/>
  <testcase name="EnterUserDetails" time="1.136" classname="com.sap.testcases.SignUpTest"/>
  <testcase name="verifySuccessMsg" time="1.012" classname="com.sap.testcases.SignUpTest"/>
</testsuite> <!-- Default test -->
