<?xml version="1.0" encoding="UTF-8"?>
<!-- Generated by org.testng.reporters.JUnitXMLReporter -->
<testsuite hostname="Ravi.local" ignored="0" name="Chrome Sign Up test" tests="6" failures="0" timestamp="27 Jul 2020 05:09:56 GMT" time="6.04" errors="0">
  <testcase name="verifyTitle" time="0.057" classname="com.sap.testcases.SignUpTest"/>
  <testcase name="cookies" time="0.156" classname="com.sap.testcases.SignUpTest"/>
  <testcase name="clikcSignUpBtn" time="2.559" classname="com.sap.testcases.SignUpTest"/>
  <testcase name="verifyRegisterPopUp" time="0.056" classname="com.sap.testcases.SignUpTest"/>
  <testcase name="EnterUserDetails" time="1.757" classname="com.sap.testcases.SignUpTest"/>
  <testcase name="verifySuccessMsg" time="0.495" classname="com.sap.testcases.SignUpTest"/>
</testsuite> <!-- Chrome Sign Up test -->
