<?xml version="1.0" encoding="UTF-8"?>
<!-- Generated by org.testng.reporters.JUnitXMLReporter -->
<testsuite hostname="Ravi.local" ignored="0" name="Chrome Sign Up test" tests="6" failures="0" timestamp="27 Jul 2020 04:08:43 GMT" time="7.995" errors="0">
  <testcase name="verifyTitle" time="0.034" classname="com.sap.testcases.SignUpTest"/>
  <testcase name="cookies" time="0.157" classname="com.sap.testcases.SignUpTest"/>
  <testcase name="clikcSignUpBtn" time="2.6" classname="com.sap.testcases.SignUpTest"/>
  <testcase name="verifyRegisterPopUp" time="0.131" classname="com.sap.testcases.SignUpTest"/>
  <testcase name="EnterUserDetails" time="1.311" classname="com.sap.testcases.SignUpTest"/>
  <testcase name="verifySuccessMsg" time="2.243" classname="com.sap.testcases.SignUpTest"/>
</testsuite> <!-- Chrome Sign Up test -->
