<?xml version="1.0" encoding="UTF-8"?>
<!-- Generated by org.testng.reporters.JUnitXMLReporter -->
<testsuite hostname="Ravi.local" ignored="0" name="FireFox Sign Up test" tests="6" failures="0" timestamp="30 Jul 2020 13:17:46 GMT" time="49.429" errors="0">
  <testcase name="verifyTitle" time="0.33" classname="com.sap.testcases.SignUpTest"/>
  <testcase name="cookies" time="1.43" classname="com.sap.testcases.SignUpTest"/>
  <testcase name="clickSignUpBtn" time="3.327" classname="com.sap.testcases.SignUpTest"/>
  <testcase name="verifyRegisterPopUp" time="1.063" classname="com.sap.testcases.SignUpTest"/>
  <testcase name="EnterUserDetails" time="5.56" classname="com.sap.testcases.SignUpTest"/>
  <testcase name="verifySuccessMsg" time="2.399" classname="com.sap.testcases.SignUpTest"/>
</testsuite> <!-- FireFox Sign Up test -->
