<?xml version="1.0" encoding="UTF-8"?>
<!-- Generated by org.testng.reporters.JUnitXMLReporter -->
<testsuite hostname="Ravi.local" ignored="0" name="Platform_Sign_up" tests="6" failures="0" timestamp="30 Jul 2020 09:26:33 GMT" time="29.584" errors="0">
  <testcase name="verifyTitle" time="0.448" classname="com.sap.testcases.SignUpTest"/>
  <testcase name="cookies" time="0.765" classname="com.sap.testcases.SignUpTest"/>
  <testcase name="clickSignUpBtn" time="3.845" classname="com.sap.testcases.SignUpTest"/>
  <testcase name="verifyRegisterPopUp" time="2.044" classname="com.sap.testcases.SignUpTest"/>
  <testcase name="EnterUserDetails" time="3.78" classname="com.sap.testcases.SignUpTest"/>
  <testcase name="verifySuccessMsg" time="2.646" classname="com.sap.testcases.SignUpTest"/>
</testsuite> <!-- Platform_Sign_up -->
