<?xml version="1.0" encoding="UTF-8"?>
<testng-results skipped="0" failed="0" ignored="0" total="6" passed="6">
  <reporter-output>
  </reporter-output>
  <suite name="SAP Sign Up Suite" duration-ms="6040" started-at="2020-07-27T05:09:49Z" finished-at="2020-07-27T05:09:55Z">
    <groups>
    </groups>
    <test name="Chrome Sign Up test" duration-ms="6040" started-at="2020-07-27T05:09:49Z" finished-at="2020-07-27T05:09:55Z">
      <class name="com.sap.testcases.SignUpTest">
        <test-method status="PASS" signature="triggerDependency()[pri:0, instance:com.sap.testcases.SignUpTest@1e397ed7]" name="triggerDependency" is-config="true" duration-ms="7406" started-at="2020-07-27T05:09:42Z" finished-at="2020-07-27T05:09:49Z">
          <reporter-output>
          </reporter-output>
        </test-method> <!-- triggerDependency -->
        <test-method status="PASS" signature="setUp()[pri:0, instance:com.sap.testcases.SignUpTest@1e397ed7]" name="setUp" is-config="true" duration-ms="25" started-at="2020-07-27T05:09:49Z" finished-at="2020-07-27T05:09:49Z">
          <reporter-output>
          </reporter-output>
        </test-method> <!-- setUp -->
        <test-method status="PASS" signature="verifyTitle()[pri:1, instance:com.sap.testcases.SignUpTest@1e397ed7]" name="verifyTitle" duration-ms="57" started-at="2020-07-27T05:09:49Z" finished-at="2020-07-27T05:09:50Z">
          <reporter-output>
          </reporter-output>
        </test-method> <!-- verifyTitle -->
        <test-method status="PASS" signature="setUp()[pri:0, instance:com.sap.testcases.SignUpTest@1e397ed7]" name="setUp" is-config="true" duration-ms="2" started-at="2020-07-27T05:09:50Z" finished-at="2020-07-27T05:09:50Z">
          <reporter-output>
          </reporter-output>
        </test-method> <!-- setUp -->
        <test-method status="PASS" signature="cookies()[pri:2, instance:com.sap.testcases.SignUpTest@1e397ed7]" name="cookies" duration-ms="156" started-at="2020-07-27T05:09:50Z" finished-at="2020-07-27T05:09:50Z">
          <reporter-output>
          </reporter-output>
        </test-method> <!-- cookies -->
        <test-method status="PASS" signature="setUp()[pri:0, instance:com.sap.testcases.SignUpTest@1e397ed7]" name="setUp" is-config="true" duration-ms="2" started-at="2020-07-27T05:09:50Z" finished-at="2020-07-27T05:09:50Z">
          <reporter-output>
          </reporter-output>
        </test-method> <!-- setUp -->
        <test-method status="PASS" signature="clikcSignUpBtn()[pri:3, instance:com.sap.testcases.SignUpTest@1e397ed7]" name="clikcSignUpBtn" duration-ms="2559" started-at="2020-07-27T05:09:50Z" finished-at="2020-07-27T05:09:52Z">
          <reporter-output>
          </reporter-output>
        </test-method> <!-- clikcSignUpBtn -->
        <test-method status="PASS" signature="setUp()[pri:0, instance:com.sap.testcases.SignUpTest@1e397ed7]" name="setUp" is-config="true" duration-ms="1" started-at="2020-07-27T05:09:52Z" finished-at="2020-07-27T05:09:52Z">
          <reporter-output>
          </reporter-output>
        </test-method> <!-- setUp -->
        <test-method status="PASS" signature="verifyRegisterPopUp()[pri:4, instance:com.sap.testcases.SignUpTest@1e397ed7]" name="verifyRegisterPopUp" duration-ms="56" started-at="2020-07-27T05:09:52Z" finished-at="2020-07-27T05:09:52Z">
          <reporter-output>
          </reporter-output>
        </test-method> <!-- verifyRegisterPopUp -->
        <test-method status="PASS" signature="setUp()[pri:0, instance:com.sap.testcases.SignUpTest@1e397ed7]" name="setUp" is-config="true" duration-ms="1" started-at="2020-07-27T05:09:53Z" finished-at="2020-07-27T05:09:53Z">
          <reporter-output>
          </reporter-output>
        </test-method> <!-- setUp -->
        <test-method status="PASS" signature="EnterUserDetails(java.lang.String, java.lang.String, java.lang.String, java.lang.String, java.lang.String)[pri:5, instance:com.sap.testcases.SignUpTest@1e397ed7]" name="EnterUserDetails" duration-ms="1757" started-at="2020-07-27T05:09:53Z" data-provider="retriveData" finished-at="2020-07-27T05:09:55Z">
          <params>
            <param index="0">
              <value>
                <![CDATA[ravi]]>
              </value>
            </param>
            <param index="1">
              <value>
                <![CDATA[kone]]>
              </value>
            </param>
            <param index="2">
              <value>
                <![CDATA[ravikone@yopmail.com]]>
              </value>
            </param>
            <param index="3">
              <value>
                <![CDATA[Test@1234]]>
              </value>
            </param>
            <param index="4">
              <value>
                <![CDATA[Test@1234]]>
              </value>
            </param>
          </params>
          <reporter-output>
          </reporter-output>
        </test-method> <!-- EnterUserDetails -->
        <test-method status="PASS" signature="verifySuccessMsg()[pri:6, instance:com.sap.testcases.SignUpTest@1e397ed7]" name="verifySuccessMsg" duration-ms="495" started-at="2020-07-27T05:09:55Z" finished-at="2020-07-27T05:09:55Z">
          <reporter-output>
          </reporter-output>
        </test-method> <!-- verifySuccessMsg -->
        <test-method status="PASS" signature="setUp()[pri:0, instance:com.sap.testcases.SignUpTest@1e397ed7]" name="setUp" is-config="true" duration-ms="0" started-at="2020-07-27T05:09:55Z" finished-at="2020-07-27T05:09:55Z">
          <reporter-output>
          </reporter-output>
        </test-method> <!-- setUp -->
        <test-method status="PASS" signature="closeBrowser()[pri:0, instance:com.sap.testcases.SignUpTest@1e397ed7]" name="closeBrowser" is-config="true" duration-ms="194" started-at="2020-07-27T05:09:56Z" finished-at="2020-07-27T05:09:56Z">
          <reporter-output>
          </reporter-output>
        </test-method> <!-- closeBrowser -->
      </class> <!-- com.sap.testcases.SignUpTest -->
    </test> <!-- Chrome Sign Up test -->
  </suite> <!-- SAP Sign Up Suite -->
</testng-results>
