<?xml version="1.0" encoding="UTF-8"?>
<!-- Generated by org.testng.reporters.JUnitXMLReporter -->
<testsuite hostname="Ravi.local" ignored="0" name="Chrome Sign Up test" tests="6" failures="0" timestamp="27 Jul 2020 04:11:47 GMT" time="6.892" errors="0">
  <testcase name="verifyTitle" time="0.026" classname="com.sap.testcases.SignUpTest"/>
  <testcase name="cookies" time="0.147" classname="com.sap.testcases.SignUpTest"/>
  <testcase name="clikcSignUpBtn" time="2.813" classname="com.sap.testcases.SignUpTest"/>
  <testcase name="verifyRegisterPopUp" time="0.086" classname="com.sap.testcases.SignUpTest"/>
  <testcase name="EnterUserDetails" time="1.101" classname="com.sap.testcases.SignUpTest"/>
  <testcase name="verifySuccessMsg" time="1.175" classname="com.sap.testcases.SignUpTest"/>
</testsuite> <!-- Chrome Sign Up test -->
