<?xml version="1.0" encoding="UTF-8"?>
<!-- Generated by org.testng.reporters.JUnitXMLReporter -->
<testsuite hostname="Ravi.local" ignored="0" name="FireFox Sign Up test" tests="6" failures="0" timestamp="30 Jul 2020 08:24:21 GMT" time="44.201" errors="0">
  <testcase name="verifyTitle" time="0.213" classname="com.sap.testcases.SignUpTest"/>
  <testcase name="cookies" time="1.471" classname="com.sap.testcases.SignUpTest"/>
  <testcase name="clikcSignUpBtn" time="3.619" classname="com.sap.testcases.SignUpTest"/>
  <testcase name="verifyRegisterPopUp" time="0.709" classname="com.sap.testcases.SignUpTest"/>
  <testcase name="EnterUserDetails" time="6.474" classname="com.sap.testcases.SignUpTest"/>
  <testcase name="verifySuccessMsg" time="2.798" classname="com.sap.testcases.SignUpTest"/>
</testsuite> <!-- FireFox Sign Up test -->
