<?xml version="1.0" encoding="UTF-8"?>
<!-- Generated by org.testng.reporters.JUnitXMLReporter -->
<testsuite hostname="Ravi.local" ignored="0" name="Platform_Sign_up" tests="6" failures="0" timestamp="30 Jul 2020 08:23:36 GMT" time="26.363" errors="0">
  <testcase name="verifyTitle" time="0.214" classname="com.sap.testcases.SignUpTest"/>
  <testcase name="cookies" time="1.152" classname="com.sap.testcases.SignUpTest"/>
  <testcase name="clikcSignUpBtn" time="3.46" classname="com.sap.testcases.SignUpTest"/>
  <testcase name="verifyRegisterPopUp" time="0.424" classname="com.sap.testcases.SignUpTest"/>
  <testcase name="EnterUserDetails" time="3.611" classname="com.sap.testcases.SignUpTest"/>
  <testcase name="verifySuccessMsg" time="2.289" classname="com.sap.testcases.SignUpTest"/>
</testsuite> <!-- Platform_Sign_up -->
